\BOOKMARK [1][-]{section.1}{Introduction}{}% 1
\BOOKMARK [1][-]{section.2}{Digital\040Image\040Fundamentals}{}% 2
\BOOKMARK [1][-]{section.3}{Intensity Transformations 灰度变换 and Spatial Filtering空间滤波}{}% 3
\BOOKMARK [2][-]{subsection.3.1}{Background背景知识}{section.3}% 4
\BOOKMARK [2][-]{subsection.3.2}{Some Basic Intensity Transformation Functions一些基本的灰度变换函数}{section.3}% 5
\BOOKMARK [2][-]{subsection.3.3}{Histogram Processing直方图处理}{section.3}% 6
\BOOKMARK [3][-]{subsubsection.3.3.1}{Histogram Equalization直方图均衡}{subsection.3.3}% 7
\BOOKMARK [3][-]{subsubsection.3.3.2}{Histogram Matching\(Specification\)直方图匹配（规定化）}{subsection.3.3}% 8
\BOOKMARK [3][-]{subsubsection.3.3.3}{Local Histogram Processing局部直方图处理}{subsection.3.3}% 9
\BOOKMARK [3][-]{subsubsection.3.3.4}{Using Histogram Statistics for Image Enhancement在图像增强中使用直方图统计}{subsection.3.3}% 10
\BOOKMARK [2][-]{subsection.3.4}{Fundamentals of Spatial Filtering 空间滤波基础}{section.3}% 11
\BOOKMARK [3][-]{subsubsection.3.4.1}{Spatial Correlation and Convolution 空间相关与卷积}{subsection.3.4}% 12
\BOOKMARK [3][-]{subsubsection.3.4.2}{Vector Representation of Linear Filtering 线性滤波的向量表示}{subsection.3.4}% 13
\BOOKMARK [3][-]{subsubsection.3.4.3}{Generating Spatial Filter Masks 空间滤波器模板的产生}{subsection.3.4}% 14
\BOOKMARK [2][-]{subsection.3.5}{Smoothing Spatial Filters 平滑空间滤波器}{section.3}% 15
\BOOKMARK [3][-]{subsubsection.3.5.1}{Smoothing Linear Filters 平滑线性滤波器}{subsection.3.5}% 16
\BOOKMARK [3][-]{subsubsection.3.5.2}{Order-Statistic\(Nonlinear\) Filters 统计排序（非线性）滤波器}{subsection.3.5}% 17
\BOOKMARK [2][-]{subsection.3.6}{Sharpening Spatial Filters 锐化空间滤波器}{section.3}% 18
\BOOKMARK [3][-]{subsubsection.3.6.1}{Using the Second Derivative for Image Sharpening–The Laplacian 使用二阶微分进行图像锐化——拉普拉斯算子}{subsection.3.6}% 19
\BOOKMARK [3][-]{subsubsection.3.6.2}{Unsharp Masking and Highboost Filtering 非锐化掩蔽和高提升滤波}{subsection.3.6}% 20
\BOOKMARK [2][-]{subsection.3.7}{Combining Spatial Enhancement Methods 混合空间增强法}{section.3}% 21
